[debug] [2019-08-19T06:37:43.204Z] ----------------------------------------------------------------------
[debug] [2019-08-19T06:37:43.207Z] Command:       /usr/local/bin/node /Users/marwanrefaat/.npm-global/bin/firebase init
[debug] [2019-08-19T06:37:43.208Z] CLI Version:   7.2.2
[debug] [2019-08-19T06:37:43.208Z] Platform:      darwin
[debug] [2019-08-19T06:37:43.208Z] Node Version:  v10.16.0
[debug] [2019-08-19T06:37:43.415Z] Time:          Mon Aug 19 2019 10:37:43 GMT+0400 (Gulf Standard Time)
[debug] [2019-08-19T06:37:43.415Z] ----------------------------------------------------------------------
[debug] 
[debug] [2019-08-19T06:37:43.434Z] > command requires scopes: ["email","openid","https://www.googleapis.com/auth/cloudplatformprojects.readonly","https://www.googleapis.com/auth/firebase","https://www.googleapis.com/auth/cloud-platform"]
[debug] [2019-08-19T06:37:43.435Z] > authorizing via signed-in user
[info] 
     ######## #### ########  ######## ########     ###     ######  ########
     ##        ##  ##     ## ##       ##     ##  ##   ##  ##       ##
     ######    ##  ########  ######   ########  #########  ######  ######
     ##        ##  ##    ##  ##       ##     ## ##     ##       ## ##
     ##       #### ##     ## ######## ########  ##     ##  ######  ########

You're about to initialize a Firebase project in this directory:

  /Users/marwanrefaat/Desktop/TheKeyPortal

Before we get started, keep in mind:

  * You are initializing in an existing Firebase project directory

[info] 
=== Project Setup
[info] 
[info] First, let's associate this project directory with a Firebase project.
[info] You can create multiple project aliases by running firebase use --add, 
[info] but for now we'll just set up a default project.
[info] 
[info] i  .firebaserc already has a default project, using the-key-portal.
[debug] [2019-08-19T06:37:56.604Z] > refreshing access token with scopes: ["email","https://www.googleapis.com/auth/cloud-platform","https://www.googleapis.com/auth/cloudplatformprojects.readonly","https://www.googleapis.com/auth/firebase","openid"]
[debug] [2019-08-19T06:37:56.605Z] >>> HTTP REQUEST POST https://www.googleapis.com/oauth2/v3/token  
 <request body omitted>
[debug] [2019-08-19T06:37:57.604Z] <<< HTTP RESPONSE 200
[debug] [2019-08-19T06:37:57.692Z] >>> HTTP REQUEST GET https://firebase.googleapis.com/v1beta1/projects/the-key-portal  
 
[debug] [2019-08-19T06:37:58.215Z] <<< HTTP RESPONSE 200
[info] 
=== Database Setup
[info] 
[info] Firebase Realtime Database Rules allow you to define how your data should be
[info] structured and when your data can be read from and written to.
[info] 
